2025-06-21 15:38:25,421 [Worker-6: Loading available Gradle versions] INFO  o.e.b.c.i.u.g.PublishedGradleVersions - Gradle version information cache is out-of-date. Trying to update.
2025-06-21 15:39:18,077 [Worker-29: Importing Maven projects] INFO  o.e.m.c.i.l.LifecycleMappingFactory - Using org.eclipse.m2e.jdt.JarLifecycleMapping lifecycle mapping for MavenProject: com.example:demo:0.0.1-SNAPSHOT @ C:\spring_boot_actuator_project\spring-boot-demo\pom.xml.
2025-06-21 15:39:20,497 [Worker-29: Importing Maven projects] INFO  o.e.m.j.i.AbstractJavaProjectConfigurator - Adding source folder /spring-boot-demo/src/main/java
2025-06-21 15:39:20,503 [Worker-29: Importing Maven projects] INFO  o.e.m.j.i.AbstractJavaProjectConfigurator - Adding resource folder /spring-boot-demo/src/main/resources
2025-06-21 15:39:20,504 [Worker-29: Importing Maven projects] INFO  o.e.m.j.i.AbstractJavaProjectConfigurator - Adding resource folder /spring-boot-demo/src/main/resources
2025-06-21 15:39:20,506 [Worker-29: Importing Maven projects] INFO  o.e.m.j.i.AbstractJavaProjectConfigurator - Adding source folder /spring-boot-demo/src/test/java
2025-06-21 15:39:20,507 [Worker-29: Importing Maven projects] INFO  o.e.m.j.i.AbstractJavaProjectConfigurator - Adding resource folder /spring-boot-demo/src/test/resources
2025-06-21 15:39:20,852 [Worker-29: Importing Maven projects] INFO  o.e.m.c.i.p.ProjectConfigurationManager - Imported and configured 1 project(s) in 5 sec
2025-06-21 15:39:24,369 [Worker-27: Building] INFO  o.a.m.s.f.DefaultMavenResourcesFiltering - Copying 1 resource from src\main\resources to target\classes
2025-06-21 15:39:24,492 [Worker-27: Building] INFO  o.a.m.s.f.DefaultMavenResourcesFiltering - Copying 0 resource from src\main\resources to target\classes
2025-06-21 15:39:24,503 [Worker-27: Building] INFO  o.a.m.s.f.DefaultMavenResourcesFiltering - skip non existing resourceDirectory C:\spring_boot_actuator_project\spring-boot-demo\src\test\resources
2025-06-21 15:40:38,454 [Worker-20: Launching DemoApplication] INFO  o.a.m.s.f.DefaultMavenResourcesFiltering - Copying 1 resource from src\main\resources to target\classes
2025-06-21 15:40:38,466 [Worker-20: Launching DemoApplication] INFO  o.a.m.s.f.DefaultMavenResourcesFiltering - Copying 0 resource from src\main\resources to target\classes
2025-06-21 15:40:38,469 [Worker-20: Launching DemoApplication] INFO  o.a.m.s.f.DefaultMavenResourcesFiltering - skip non existing resourceDirectory C:\spring_boot_actuator_project\spring-boot-demo\src\test\resources
2025-06-21 15:40:51,584 [Worker-19: Building] INFO  o.a.m.s.f.DefaultMavenResourcesFiltering - Copying 1 resource from src\main\resources to target\classes
2025-06-21 15:40:51,589 [Worker-19: Building] INFO  o.a.m.s.f.DefaultMavenResourcesFiltering - Copying 0 resource from src\main\resources to target\classes
2025-06-21 15:40:51,592 [Worker-19: Building] INFO  o.a.m.s.f.DefaultMavenResourcesFiltering - skip non existing resourceDirectory C:\spring_boot_actuator_project\spring-boot-demo\src\test\resources
2025-06-21 15:41:36,326 [Worker-26: Building] INFO  o.a.m.s.f.DefaultMavenResourcesFiltering - Copying 1 resource from src\main\resources to target\classes
2025-06-21 15:41:36,332 [Worker-26: Building] INFO  o.a.m.s.f.DefaultMavenResourcesFiltering - Copying 0 resource from src\main\resources to target\classes
2025-06-21 15:41:36,334 [Worker-26: Building] INFO  o.a.m.s.f.DefaultMavenResourcesFiltering - skip non existing resourceDirectory C:\spring_boot_actuator_project\spring-boot-demo\src\test\resources
2025-06-21 15:42:58,283 [Worker-35: Building] INFO  o.e.m.c.i.l.LifecycleMappingFactory - Using org.eclipse.m2e.jdt.JarLifecycleMapping lifecycle mapping for MavenProject: com.example:demo:0.0.1-SNAPSHOT @ C:\spring_boot_actuator_project\spring-boot-demo\pom.xml.
2025-06-21 15:42:58,570 [Worker-35: Building] INFO  o.e.m.c.i.e.AbstractTransferListenerAdapter - Downloading https://repo.maven.apache.org/maven2/org/springframework/boot/spring-boot-starter-actuator/3.4.4/spring-boot-starter-actuator-3.4.4.pom
2025-06-21 15:42:58,585 [Worker-35: Building] INFO  o.e.m.c.i.e.AbstractTransferListenerAdapter - Downloaded https://repo.maven.apache.org/maven2/org/springframework/boot/spring-boot-starter-actuator/3.4.4/spring-boot-starter-actuator-3.4.4.pom
2025-06-21 15:42:58,603 [Worker-35: Building] INFO  o.e.m.c.i.e.AbstractTransferListenerAdapter - Downloading https://repo.maven.apache.org/maven2/org/springframework/boot/spring-boot-actuator-autoconfigure/3.4.4/spring-boot-actuator-autoconfigure-3.4.4.pom
2025-06-21 15:42:58,608 [Worker-35: Building] INFO  o.e.m.c.i.e.AbstractTransferListenerAdapter - Downloaded https://repo.maven.apache.org/maven2/org/springframework/boot/spring-boot-actuator-autoconfigure/3.4.4/spring-boot-actuator-autoconfigure-3.4.4.pom
2025-06-21 15:42:58,625 [Worker-35: Building] INFO  o.e.m.c.i.e.AbstractTransferListenerAdapter - Downloading https://repo.maven.apache.org/maven2/org/springframework/boot/spring-boot-actuator/3.4.4/spring-boot-actuator-3.4.4.pom
2025-06-21 15:42:58,642 [Worker-35: Building] INFO  o.e.m.c.i.e.AbstractTransferListenerAdapter - Downloaded https://repo.maven.apache.org/maven2/org/springframework/boot/spring-boot-actuator/3.4.4/spring-boot-actuator-3.4.4.pom
2025-06-21 15:42:58,659 [Worker-35: Building] INFO  o.e.m.c.i.e.AbstractTransferListenerAdapter - Downloading https://repo.maven.apache.org/maven2/io/micrometer/micrometer-jakarta9/1.14.5/micrometer-jakarta9-1.14.5.pom
2025-06-21 15:42:58,666 [Worker-35: Building] INFO  o.e.m.c.i.e.AbstractTransferListenerAdapter - Downloaded https://repo.maven.apache.org/maven2/io/micrometer/micrometer-jakarta9/1.14.5/micrometer-jakarta9-1.14.5.pom
2025-06-21 15:42:58,683 [Worker-35: Building] INFO  o.e.m.c.i.e.AbstractTransferListenerAdapter - Downloading https://repo.maven.apache.org/maven2/io/micrometer/micrometer-core/1.14.5/micrometer-core-1.14.5.pom
2025-06-21 15:42:58,689 [Worker-35: Building] INFO  o.e.m.c.i.e.AbstractTransferListenerAdapter - Downloaded https://repo.maven.apache.org/maven2/io/micrometer/micrometer-core/1.14.5/micrometer-core-1.14.5.pom
2025-06-21 15:42:58,826 [Worker-35: Building] INFO  o.e.m.c.i.e.AbstractTransferListenerAdapter - Downloading https://repo.maven.apache.org/maven2/org/springframework/boot/spring-boot-starter-actuator/3.4.4/spring-boot-starter-actuator-3.4.4.jar
2025-06-21 15:42:58,833 [Worker-35: Building] INFO  o.e.m.c.i.e.AbstractTransferListenerAdapter - Downloaded https://repo.maven.apache.org/maven2/org/springframework/boot/spring-boot-starter-actuator/3.4.4/spring-boot-starter-actuator-3.4.4.jar
2025-06-21 15:42:58,845 [BasicRepositoryConnector-repo.maven.apache.org-0-0] INFO  o.e.m.c.i.e.AbstractTransferListenerAdapter - Downloading https://repo.maven.apache.org/maven2/org/springframework/boot/spring-boot-actuator-autoconfigure/3.4.4/spring-boot-actuator-autoconfigure-3.4.4.jar
2025-06-21 15:42:58,909 [BasicRepositoryConnector-repo.maven.apache.org-0-3] INFO  o.e.m.c.i.e.AbstractTransferListenerAdapter - Downloading https://repo.maven.apache.org/maven2/io/micrometer/micrometer-core/1.14.5/micrometer-core-1.14.5.jar
2025-06-21 15:42:58,909 [BasicRepositoryConnector-repo.maven.apache.org-0-1] INFO  o.e.m.c.i.e.AbstractTransferListenerAdapter - Downloading https://repo.maven.apache.org/maven2/org/springframework/boot/spring-boot-actuator/3.4.4/spring-boot-actuator-3.4.4.jar
2025-06-21 15:42:58,921 [BasicRepositoryConnector-repo.maven.apache.org-0-2] INFO  o.e.m.c.i.e.AbstractTransferListenerAdapter - Downloading https://repo.maven.apache.org/maven2/io/micrometer/micrometer-jakarta9/1.14.5/micrometer-jakarta9-1.14.5.jar
2025-06-21 15:42:58,948 [BasicRepositoryConnector-repo.maven.apache.org-0-2] INFO  o.e.m.c.i.e.AbstractTransferListenerAdapter - Downloaded https://repo.maven.apache.org/maven2/io/micrometer/micrometer-jakarta9/1.14.5/micrometer-jakarta9-1.14.5.jar
2025-06-21 15:42:59,154 [BasicRepositoryConnector-repo.maven.apache.org-0-1] INFO  o.e.m.c.i.e.AbstractTransferListenerAdapter - Downloaded https://repo.maven.apache.org/maven2/org/springframework/boot/spring-boot-actuator/3.4.4/spring-boot-actuator-3.4.4.jar
2025-06-21 15:42:59,236 [BasicRepositoryConnector-repo.maven.apache.org-0-3] INFO  o.e.m.c.i.e.AbstractTransferListenerAdapter - Downloaded https://repo.maven.apache.org/maven2/io/micrometer/micrometer-core/1.14.5/micrometer-core-1.14.5.jar
2025-06-21 15:42:59,276 [BasicRepositoryConnector-repo.maven.apache.org-0-0] INFO  o.e.m.c.i.e.AbstractTransferListenerAdapter - Downloaded https://repo.maven.apache.org/maven2/org/springframework/boot/spring-boot-actuator-autoconfigure/3.4.4/spring-boot-actuator-autoconfigure-3.4.4.jar
2025-06-21 15:42:59,537 [Worker-35: Building] INFO  o.a.m.s.f.DefaultMavenResourcesFiltering - Copying 0 resource from src\main\resources to target\classes
2025-06-21 15:42:59,537 [Worker-35: Building] INFO  o.a.m.s.f.DefaultMavenResourcesFiltering - Copying 0 resource from src\main\resources to target\classes
2025-06-21 15:42:59,543 [Worker-35: Building] INFO  o.a.m.s.f.DefaultMavenResourcesFiltering - skip non existing resourceDirectory C:\spring_boot_actuator_project\spring-boot-demo\src\test\resources
2025-06-21 15:43:00,425 [Worker-15: Download sources and javadoc] INFO  o.e.m.c.i.e.AbstractTransferListenerAdapter - Downloading https://repo.maven.apache.org/maven2/org/springframework/boot/spring-boot-starter-actuator/3.4.4/spring-boot-starter-actuator-3.4.4-sources.jar
2025-06-21 15:43:00,428 [Worker-15: Download sources and javadoc] INFO  o.e.m.c.i.e.AbstractTransferListenerAdapter - Downloaded https://repo.maven.apache.org/maven2/org/springframework/boot/spring-boot-starter-actuator/3.4.4/spring-boot-starter-actuator-3.4.4-sources.jar
2025-06-21 15:43:00,432 [Worker-15: Download sources and javadoc] INFO  o.e.m.j.internal.DownloadSourcesJob - Downloaded sources for org.springframework.boot:spring-boot-starter-actuator:3.4.4
2025-06-21 15:43:00,484 [Worker-15: Download sources and javadoc] INFO  o.e.m.c.i.e.AbstractTransferListenerAdapter - Downloading https://repo.maven.apache.org/maven2/org/springframework/boot/spring-boot-actuator-autoconfigure/3.4.4/spring-boot-actuator-autoconfigure-3.4.4-sources.jar
2025-06-21 15:43:00,564 [Worker-15: Download sources and javadoc] INFO  o.e.m.c.i.e.AbstractTransferListenerAdapter - Downloaded https://repo.maven.apache.org/maven2/org/springframework/boot/spring-boot-actuator-autoconfigure/3.4.4/spring-boot-actuator-autoconfigure-3.4.4-sources.jar
2025-06-21 15:43:00,567 [Worker-15: Download sources and javadoc] INFO  o.e.m.j.internal.DownloadSourcesJob - Downloaded sources for org.springframework.boot:spring-boot-actuator-autoconfigure:3.4.4
2025-06-21 15:43:00,629 [Worker-15: Download sources and javadoc] INFO  o.e.m.c.i.e.AbstractTransferListenerAdapter - Downloading https://repo.maven.apache.org/maven2/org/springframework/boot/spring-boot-actuator/3.4.4/spring-boot-actuator-3.4.4-sources.jar
2025-06-21 15:43:00,721 [Worker-15: Download sources and javadoc] INFO  o.e.m.c.i.e.AbstractTransferListenerAdapter - Downloaded https://repo.maven.apache.org/maven2/org/springframework/boot/spring-boot-actuator/3.4.4/spring-boot-actuator-3.4.4-sources.jar
2025-06-21 15:43:00,726 [Worker-15: Download sources and javadoc] INFO  o.e.m.j.internal.DownloadSourcesJob - Downloaded sources for org.springframework.boot:spring-boot-actuator:3.4.4
2025-06-21 15:43:00,779 [Worker-15: Download sources and javadoc] INFO  o.e.m.c.i.e.AbstractTransferListenerAdapter - Downloading https://repo.maven.apache.org/maven2/io/micrometer/micrometer-jakarta9/1.14.5/micrometer-jakarta9-1.14.5-sources.jar
2025-06-21 15:43:00,785 [Worker-15: Download sources and javadoc] INFO  o.e.m.c.i.e.AbstractTransferListenerAdapter - Downloaded https://repo.maven.apache.org/maven2/io/micrometer/micrometer-jakarta9/1.14.5/micrometer-jakarta9-1.14.5-sources.jar
2025-06-21 15:43:00,789 [Worker-15: Download sources and javadoc] INFO  o.e.m.j.internal.DownloadSourcesJob - Downloaded sources for io.micrometer:micrometer-jakarta9:1.14.5
2025-06-21 15:43:00,932 [Worker-15: Download sources and javadoc] INFO  o.e.m.c.i.e.AbstractTransferListenerAdapter - Downloading https://repo.maven.apache.org/maven2/io/micrometer/micrometer-core/1.14.5/micrometer-core-1.14.5-sources.jar
2025-06-21 15:43:01,198 [Worker-32: Building] INFO  o.a.m.s.f.DefaultMavenResourcesFiltering - Copying 1 resource from src\main\resources to target\classes
2025-06-21 15:43:01,222 [Worker-15: Download sources and javadoc] INFO  o.e.m.c.i.e.AbstractTransferListenerAdapter - Downloaded https://repo.maven.apache.org/maven2/io/micrometer/micrometer-core/1.14.5/micrometer-core-1.14.5-sources.jar
2025-06-21 15:43:01,226 [Worker-15: Download sources and javadoc] INFO  o.e.m.j.internal.DownloadSourcesJob - Downloaded sources for io.micrometer:micrometer-core:1.14.5
2025-06-21 15:43:01,227 [Worker-32: Building] INFO  o.a.m.s.f.DefaultMavenResourcesFiltering - Copying 0 resource from src\main\resources to target\classes
2025-06-21 15:43:01,230 [Worker-32: Building] INFO  o.a.m.s.f.DefaultMavenResourcesFiltering - skip non existing resourceDirectory C:\spring_boot_actuator_project\spring-boot-demo\src\test\resources
2025-06-21 15:44:34,740 [Worker-17: Building] INFO  o.e.m.c.i.e.AbstractTransferListenerAdapter - Downloading https://repo.maven.apache.org/maven2/pl/project13/maven/git-commit-id-plugin/4.0.4/git-commit-id-plugin-4.0.4.pom
2025-06-21 15:44:34,746 [Worker-17: Building] INFO  o.e.m.c.i.e.AbstractTransferListenerAdapter - Downloaded https://repo.maven.apache.org/maven2/pl/project13/maven/git-commit-id-plugin/4.0.4/git-commit-id-plugin-4.0.4.pom
2025-06-21 15:44:34,762 [Worker-17: Building] INFO  o.e.m.c.i.e.AbstractTransferListenerAdapter - Downloading https://repo.maven.apache.org/maven2/pl/project13/maven/git-commit-id-plugin-parent/4.0.4/git-commit-id-plugin-parent-4.0.4.pom
2025-06-21 15:44:34,775 [Worker-17: Building] INFO  o.e.m.c.i.e.AbstractTransferListenerAdapter - Downloaded https://repo.maven.apache.org/maven2/pl/project13/maven/git-commit-id-plugin-parent/4.0.4/git-commit-id-plugin-parent-4.0.4.pom
2025-06-21 15:44:34,798 [Worker-17: Building] INFO  o.e.m.c.i.e.AbstractTransferListenerAdapter - Downloading https://repo.maven.apache.org/maven2/pl/project13/maven/git-commit-id-plugin/4.0.4/git-commit-id-plugin-4.0.4.jar
2025-06-21 15:44:34,823 [Worker-17: Building] INFO  o.e.m.c.i.e.AbstractTransferListenerAdapter - Downloaded https://repo.maven.apache.org/maven2/pl/project13/maven/git-commit-id-plugin/4.0.4/git-commit-id-plugin-4.0.4.jar
2025-06-21 15:44:34,853 [Worker-17: Building] INFO  o.e.m.c.i.l.LifecycleMappingFactory - Using org.eclipse.m2e.jdt.JarLifecycleMapping lifecycle mapping for MavenProject: com.example:demo:0.0.1-SNAPSHOT @ C:\spring_boot_actuator_project\spring-boot-demo\pom.xml.
2025-06-21 15:44:35,267 [Worker-17: Building] INFO  o.e.m.c.i.e.AbstractTransferListenerAdapter - Downloading https://repo.maven.apache.org/maven2/pl/project13/maven/git-commit-id-plugin-core/4.0.4/git-commit-id-plugin-core-4.0.4.pom
2025-06-21 15:44:35,271 [Worker-17: Building] INFO  o.e.m.c.i.e.AbstractTransferListenerAdapter - Downloaded https://repo.maven.apache.org/maven2/pl/project13/maven/git-commit-id-plugin-core/4.0.4/git-commit-id-plugin-core-4.0.4.pom
2025-06-21 15:44:35,294 [Worker-17: Building] INFO  o.e.m.c.i.e.AbstractTransferListenerAdapter - Downloading https://repo.maven.apache.org/maven2/org/eclipse/jgit/org.eclipse.jgit/5.11.0.202103091610-r/org.eclipse.jgit-5.11.0.202103091610-r.pom
2025-06-21 15:44:35,298 [Worker-17: Building] INFO  o.e.m.c.i.e.AbstractTransferListenerAdapter - Downloaded https://repo.maven.apache.org/maven2/org/eclipse/jgit/org.eclipse.jgit/5.11.0.202103091610-r/org.eclipse.jgit-5.11.0.202103091610-r.pom
2025-06-21 15:44:35,318 [Worker-17: Building] INFO  o.e.m.c.i.e.AbstractTransferListenerAdapter - Downloading https://repo.maven.apache.org/maven2/org/eclipse/jgit/org.eclipse.jgit-parent/5.11.0.202103091610-r/org.eclipse.jgit-parent-5.11.0.202103091610-r.pom
2025-06-21 15:44:35,330 [Worker-17: Building] INFO  o.e.m.c.i.e.AbstractTransferListenerAdapter - Downloaded https://repo.maven.apache.org/maven2/org/eclipse/jgit/org.eclipse.jgit-parent/5.11.0.202103091610-r/org.eclipse.jgit-parent-5.11.0.202103091610-r.pom
2025-06-21 15:44:35,349 [Worker-17: Building] INFO  o.e.m.c.i.e.AbstractTransferListenerAdapter - Downloading https://repo.maven.apache.org/maven2/com/googlecode/javaewah/JavaEWAH/1.1.7/JavaEWAH-1.1.7.pom
2025-06-21 15:44:35,352 [Worker-17: Building] INFO  o.e.m.c.i.e.AbstractTransferListenerAdapter - Downloaded https://repo.maven.apache.org/maven2/com/googlecode/javaewah/JavaEWAH/1.1.7/JavaEWAH-1.1.7.pom
2025-06-21 15:44:35,370 [Worker-17: Building] INFO  o.e.m.c.i.e.AbstractTransferListenerAdapter - Downloading https://repo.maven.apache.org/maven2/org/sonatype/oss/oss-parent/5/oss-parent-5.pom
2025-06-21 15:44:35,373 [Worker-17: Building] INFO  o.e.m.c.i.e.AbstractTransferListenerAdapter - Downloaded https://repo.maven.apache.org/maven2/org/sonatype/oss/oss-parent/5/oss-parent-5.pom
2025-06-21 15:44:35,390 [Worker-17: Building] INFO  o.e.m.c.i.e.AbstractTransferListenerAdapter - Downloading https://repo.maven.apache.org/maven2/org/slf4j/slf4j-api/1.7.30/slf4j-api-1.7.30.pom
2025-06-21 15:44:35,393 [Worker-17: Building] INFO  o.e.m.c.i.e.AbstractTransferListenerAdapter - Downloaded https://repo.maven.apache.org/maven2/org/slf4j/slf4j-api/1.7.30/slf4j-api-1.7.30.pom
2025-06-21 15:44:35,409 [Worker-17: Building] INFO  o.e.m.c.i.e.AbstractTransferListenerAdapter - Downloading https://repo.maven.apache.org/maven2/org/slf4j/slf4j-parent/1.7.30/slf4j-parent-1.7.30.pom
2025-06-21 15:44:35,413 [Worker-17: Building] INFO  o.e.m.c.i.e.AbstractTransferListenerAdapter - Downloaded https://repo.maven.apache.org/maven2/org/slf4j/slf4j-parent/1.7.30/slf4j-parent-1.7.30.pom
2025-06-21 15:44:35,430 [Worker-17: Building] INFO  o.e.m.c.i.e.AbstractTransferListenerAdapter - Downloading https://repo.maven.apache.org/maven2/joda-time/joda-time/2.10.10/joda-time-2.10.10.pom
2025-06-21 15:44:35,439 [Worker-17: Building] INFO  o.e.m.c.i.e.AbstractTransferListenerAdapter - Downloaded https://repo.maven.apache.org/maven2/joda-time/joda-time/2.10.10/joda-time-2.10.10.pom
2025-06-21 15:44:35,467 [Worker-17: Building] INFO  o.e.m.c.i.e.AbstractTransferListenerAdapter - Downloading https://repo.maven.apache.org/maven2/nu/studer/java-ordered-properties/1.0.4/java-ordered-properties-1.0.4.pom
2025-06-21 15:44:35,472 [Worker-17: Building] INFO  o.e.m.c.i.e.AbstractTransferListenerAdapter - Downloaded https://repo.maven.apache.org/maven2/nu/studer/java-ordered-properties/1.0.4/java-ordered-properties-1.0.4.pom
2025-06-21 15:44:35,494 [Worker-17: Building] INFO  o.e.m.c.i.e.AbstractTransferListenerAdapter - Downloading https://repo.maven.apache.org/maven2/javax/json/javax.json-api/1.1.4/javax.json-api-1.1.4.pom
2025-06-21 15:44:35,498 [Worker-17: Building] INFO  o.e.m.c.i.e.AbstractTransferListenerAdapter - Downloaded https://repo.maven.apache.org/maven2/javax/json/javax.json-api/1.1.4/javax.json-api-1.1.4.pom
2025-06-21 15:44:35,517 [Worker-17: Building] INFO  o.e.m.c.i.e.AbstractTransferListenerAdapter - Downloading https://repo.maven.apache.org/maven2/org/glassfish/json/1.1.4/json-1.1.4.pom
2025-06-21 15:44:35,520 [Worker-17: Building] INFO  o.e.m.c.i.e.AbstractTransferListenerAdapter - Downloaded https://repo.maven.apache.org/maven2/org/glassfish/json/1.1.4/json-1.1.4.pom
2025-06-21 15:44:35,538 [Worker-17: Building] INFO  o.e.m.c.i.e.AbstractTransferListenerAdapter - Downloading https://repo.maven.apache.org/maven2/net/java/jvnet-parent/5/jvnet-parent-5.pom
2025-06-21 15:44:35,541 [Worker-17: Building] INFO  o.e.m.c.i.e.AbstractTransferListenerAdapter - Downloaded https://repo.maven.apache.org/maven2/net/java/jvnet-parent/5/jvnet-parent-5.pom
2025-06-21 15:44:35,557 [Worker-17: Building] INFO  o.e.m.c.i.e.AbstractTransferListenerAdapter - Downloading https://repo.maven.apache.org/maven2/org/glassfish/javax.json/1.1.4/javax.json-1.1.4.pom
2025-06-21 15:44:35,561 [Worker-17: Building] INFO  o.e.m.c.i.e.AbstractTransferListenerAdapter - Downloaded https://repo.maven.apache.org/maven2/org/glassfish/javax.json/1.1.4/javax.json-1.1.4.pom
2025-06-21 15:44:35,600 [Worker-17: Building] INFO  o.e.m.c.i.e.AbstractTransferListenerAdapter - Downloading https://repo.maven.apache.org/maven2/org/codehaus/plexus/plexus-utils/2.0.4/plexus-utils-2.0.4.jar
2025-06-21 15:44:35,636 [Worker-17: Building] INFO  o.e.m.c.i.e.AbstractTransferListenerAdapter - Downloaded https://repo.maven.apache.org/maven2/org/codehaus/plexus/plexus-utils/2.0.4/plexus-utils-2.0.4.jar
2025-06-21 15:44:35,647 [BasicRepositoryConnector-repo.maven.apache.org-1-0] INFO  o.e.m.c.i.e.AbstractTransferListenerAdapter - Downloading https://repo.maven.apache.org/maven2/pl/project13/maven/git-commit-id-plugin-core/4.0.4/git-commit-id-plugin-core-4.0.4.jar
2025-06-21 15:44:35,674 [BasicRepositoryConnector-repo.maven.apache.org-1-4] INFO  o.e.m.c.i.e.AbstractTransferListenerAdapter - Downloading https://repo.maven.apache.org/maven2/joda-time/joda-time/2.10.10/joda-time-2.10.10.jar
2025-06-21 15:44:35,676 [BasicRepositoryConnector-repo.maven.apache.org-1-0] INFO  o.e.m.c.i.e.AbstractTransferListenerAdapter - Downloaded https://repo.maven.apache.org/maven2/pl/project13/maven/git-commit-id-plugin-core/4.0.4/git-commit-id-plugin-core-4.0.4.jar
2025-06-21 15:44:35,694 [BasicRepositoryConnector-repo.maven.apache.org-1-0] INFO  o.e.m.c.i.e.AbstractTransferListenerAdapter - Downloading https://repo.maven.apache.org/maven2/nu/studer/java-ordered-properties/1.0.4/java-ordered-properties-1.0.4.jar
2025-06-21 15:44:35,694 [BasicRepositoryConnector-repo.maven.apache.org-1-2] INFO  o.e.m.c.i.e.AbstractTransferListenerAdapter - Downloading https://repo.maven.apache.org/maven2/com/googlecode/javaewah/JavaEWAH/1.1.7/JavaEWAH-1.1.7.jar
2025-06-21 15:44:35,700 [BasicRepositoryConnector-repo.maven.apache.org-1-1] INFO  o.e.m.c.i.e.AbstractTransferListenerAdapter - Downloading https://repo.maven.apache.org/maven2/org/eclipse/jgit/org.eclipse.jgit/5.11.0.202103091610-r/org.eclipse.jgit-5.11.0.202103091610-r.jar
2025-06-21 15:44:35,702 [BasicRepositoryConnector-repo.maven.apache.org-1-0] INFO  o.e.m.c.i.e.AbstractTransferListenerAdapter - Downloaded https://repo.maven.apache.org/maven2/nu/studer/java-ordered-properties/1.0.4/java-ordered-properties-1.0.4.jar
2025-06-21 15:44:35,722 [BasicRepositoryConnector-repo.maven.apache.org-1-3] INFO  o.e.m.c.i.e.AbstractTransferListenerAdapter - Downloading https://repo.maven.apache.org/maven2/org/slf4j/slf4j-api/1.7.30/slf4j-api-1.7.30.jar
2025-06-21 15:44:35,726 [BasicRepositoryConnector-repo.maven.apache.org-1-0] INFO  o.e.m.c.i.e.AbstractTransferListenerAdapter - Downloading https://repo.maven.apache.org/maven2/javax/json/javax.json-api/1.1.4/javax.json-api-1.1.4.jar
2025-06-21 15:44:35,730 [BasicRepositoryConnector-repo.maven.apache.org-1-3] INFO  o.e.m.c.i.e.AbstractTransferListenerAdapter - Downloaded https://repo.maven.apache.org/maven2/org/slf4j/slf4j-api/1.7.30/slf4j-api-1.7.30.jar
2025-06-21 15:44:35,744 [BasicRepositoryConnector-repo.maven.apache.org-1-0] INFO  o.e.m.c.i.e.AbstractTransferListenerAdapter - Downloaded https://repo.maven.apache.org/maven2/javax/json/javax.json-api/1.1.4/javax.json-api-1.1.4.jar
2025-06-21 15:44:35,757 [BasicRepositoryConnector-repo.maven.apache.org-1-3] INFO  o.e.m.c.i.e.AbstractTransferListenerAdapter - Downloading https://repo.maven.apache.org/maven2/org/glassfish/javax.json/1.1.4/javax.json-1.1.4.jar
2025-06-21 15:44:35,778 [BasicRepositoryConnector-repo.maven.apache.org-1-2] INFO  o.e.m.c.i.e.AbstractTransferListenerAdapter - Downloaded https://repo.maven.apache.org/maven2/com/googlecode/javaewah/JavaEWAH/1.1.7/JavaEWAH-1.1.7.jar
2025-06-21 15:44:35,853 [BasicRepositoryConnector-repo.maven.apache.org-1-3] INFO  o.e.m.c.i.e.AbstractTransferListenerAdapter - Downloaded https://repo.maven.apache.org/maven2/org/glassfish/javax.json/1.1.4/javax.json-1.1.4.jar
2025-06-21 15:44:35,886 [BasicRepositoryConnector-repo.maven.apache.org-1-4] INFO  o.e.m.c.i.e.AbstractTransferListenerAdapter - Downloaded https://repo.maven.apache.org/maven2/joda-time/joda-time/2.10.10/joda-time-2.10.10.jar
2025-06-21 15:44:36,259 [BasicRepositoryConnector-repo.maven.apache.org-1-1] INFO  o.e.m.c.i.e.AbstractTransferListenerAdapter - Downloaded https://repo.maven.apache.org/maven2/org/eclipse/jgit/org.eclipse.jgit/5.11.0.202103091610-r/org.eclipse.jgit-5.11.0.202103091610-r.jar
2025-06-21 15:44:36,392 [Worker-17: Building] INFO  o.a.m.s.f.DefaultMavenResourcesFiltering - Copying 0 resource from src\main\resources to target\classes
2025-06-21 15:44:36,393 [Worker-17: Building] INFO  o.a.m.s.f.DefaultMavenResourcesFiltering - Copying 0 resource from src\main\resources to target\classes
2025-06-21 15:44:36,397 [Worker-17: Building] INFO  o.a.m.s.f.DefaultMavenResourcesFiltering - skip non existing resourceDirectory C:\spring_boot_actuator_project\spring-boot-demo\src\test\resources
2025-06-21 15:44:36,423 [Worker-31: Updating Maven Project] INFO  o.e.m.c.i.p.ProjectConfigurationManager - Update started
2025-06-21 15:44:36,656 [Worker-31: Updating Maven Project] INFO  o.e.m.c.i.l.LifecycleMappingFactory - Using org.eclipse.m2e.jdt.JarLifecycleMapping lifecycle mapping for MavenProject: com.example:demo:0.0.1-SNAPSHOT @ C:\spring_boot_actuator_project\spring-boot-demo\pom.xml.
2025-06-21 15:44:36,924 [Worker-31: Updating Maven Project] INFO  o.e.m.j.i.AbstractJavaProjectConfigurator - Adding source folder /spring-boot-demo/src/main/java
2025-06-21 15:44:36,925 [Worker-31: Updating Maven Project] INFO  o.e.m.j.i.AbstractJavaProjectConfigurator - Adding resource folder /spring-boot-demo/src/main/resources
2025-06-21 15:44:36,925 [Worker-31: Updating Maven Project] INFO  o.e.m.j.i.AbstractJavaProjectConfigurator - Adding resource folder /spring-boot-demo/src/main/resources
2025-06-21 15:44:36,926 [Worker-31: Updating Maven Project] INFO  o.e.m.j.i.AbstractJavaProjectConfigurator - Adding source folder /spring-boot-demo/src/test/java
2025-06-21 15:44:36,926 [Worker-31: Updating Maven Project] INFO  o.e.m.j.i.AbstractJavaProjectConfigurator - Adding resource folder /spring-boot-demo/src/test/resources
2025-06-21 15:44:37,041 [Worker-31: Updating Maven Project] INFO  o.e.m.c.i.p.ProjectConfigurationManager - Update completed for 1 poms: local refresh takes 0.00 sec, refresh facades takes 0.00 sec, update config takes 0.00 sec 
2025-06-21 15:44:39,955 [Worker-17: Building] INFO  o.a.m.s.f.DefaultMavenResourcesFiltering - Copying 1 resource from src\main\resources to target\classes
2025-06-21 15:44:39,964 [Worker-17: Building] INFO  o.a.m.s.f.DefaultMavenResourcesFiltering - Copying 0 resource from src\main\resources to target\classes
2025-06-21 15:44:39,967 [Worker-17: Building] INFO  o.a.m.s.f.DefaultMavenResourcesFiltering - skip non existing resourceDirectory C:\spring_boot_actuator_project\spring-boot-demo\src\test\resources
2025-06-21 15:50:48,099 [Worker-38: Building] INFO  o.a.m.s.f.DefaultMavenResourcesFiltering - Copying 1 resource from src\main\resources to target\classes
2025-06-21 15:50:48,105 [Worker-38: Building] INFO  o.a.m.s.f.DefaultMavenResourcesFiltering - Copying 0 resource from src\main\resources to target\classes
2025-06-21 15:50:48,107 [Worker-38: Building] INFO  o.a.m.s.f.DefaultMavenResourcesFiltering - skip non existing resourceDirectory C:\spring_boot_actuator_project\spring-boot-demo\src\test\resources
2025-06-21 15:51:10,722 [Worker-40: Launching Executing clean in C__spring_boot_actuator_project_spring-boot-demo] INFO  o.eclipse.m2e.core.internal.Bundles - getClasspathEntries(Bundle=org.eclipse.m2e.maven.runtime_3.9.700.20240602-2313 [644])
2025-06-21 15:51:10,724 [Worker-40: Launching Executing clean in C__spring_boot_actuator_project_spring-boot-demo] INFO  o.eclipse.m2e.core.internal.Bundles - 	Entry: C:\Users\utsav\.p2\pool\plugins\org.eclipse.m2e.maven.runtime_3.9.700.20240602-2313
2025-06-21 15:51:10,724 [Worker-40: Launching Executing clean in C__spring_boot_actuator_project_spring-boot-demo] INFO  o.eclipse.m2e.core.internal.Bundles - 	Entry: C:\Users\utsav\.p2\pool\plugins\org.eclipse.m2e.maven.runtime_3.9.700.20240602-2313\jars\aopalliance-1.0.jar
2025-06-21 15:51:10,724 [Worker-40: Launching Executing clean in C__spring_boot_actuator_project_spring-boot-demo] INFO  o.eclipse.m2e.core.internal.Bundles - 	Entry: C:\Users\utsav\.p2\pool\plugins\org.eclipse.m2e.maven.runtime_3.9.700.20240602-2313\jars\guice-5.1.0.jar
2025-06-21 15:51:10,724 [Worker-40: Launching Executing clean in C__spring_boot_actuator_project_spring-boot-demo] INFO  o.eclipse.m2e.core.internal.Bundles - 	Entry: C:\Users\utsav\.p2\pool\plugins\org.eclipse.m2e.maven.runtime_3.9.700.20240602-2313\jars\httpclient-4.5.14.jar
2025-06-21 15:51:10,724 [Worker-40: Launching Executing clean in C__spring_boot_actuator_project_spring-boot-demo] INFO  o.eclipse.m2e.core.internal.Bundles - 	Entry: C:\Users\utsav\.p2\pool\plugins\org.eclipse.m2e.maven.runtime_3.9.700.20240602-2313\jars\httpcore-4.4.16.jar
2025-06-21 15:51:10,724 [Worker-40: Launching Executing clean in C__spring_boot_actuator_project_spring-boot-demo] INFO  o.eclipse.m2e.core.internal.Bundles - 	Entry: C:\Users\utsav\.p2\pool\plugins\org.eclipse.m2e.maven.runtime_3.9.700.20240602-2313\jars\jansi-2.4.1.jar
2025-06-21 15:51:10,724 [Worker-40: Launching Executing clean in C__spring_boot_actuator_project_spring-boot-demo] INFO  o.eclipse.m2e.core.internal.Bundles - 	Entry: C:\Users\utsav\.p2\pool\plugins\org.eclipse.m2e.maven.runtime_3.9.700.20240602-2313\jars\jcl-over-slf4j-1.7.36.jar
2025-06-21 15:51:10,724 [Worker-40: Launching Executing clean in C__spring_boot_actuator_project_spring-boot-demo] INFO  o.eclipse.m2e.core.internal.Bundles - 	Entry: C:\Users\utsav\.p2\pool\plugins\org.eclipse.m2e.maven.runtime_3.9.700.20240602-2313\jars\maven-artifact-3.9.7.jar
2025-06-21 15:51:10,724 [Worker-40: Launching Executing clean in C__spring_boot_actuator_project_spring-boot-demo] INFO  o.eclipse.m2e.core.internal.Bundles - 	Entry: C:\Users\utsav\.p2\pool\plugins\org.eclipse.m2e.maven.runtime_3.9.700.20240602-2313\jars\maven-builder-support-3.9.7.jar
2025-06-21 15:51:10,725 [Worker-40: Launching Executing clean in C__spring_boot_actuator_project_spring-boot-demo] INFO  o.eclipse.m2e.core.internal.Bundles - 	Entry: C:\Users\utsav\.p2\pool\plugins\org.eclipse.m2e.maven.runtime_3.9.700.20240602-2313\jars\maven-compat-3.9.7.jar
2025-06-21 15:51:10,725 [Worker-40: Launching Executing clean in C__spring_boot_actuator_project_spring-boot-demo] INFO  o.eclipse.m2e.core.internal.Bundles - 	Entry: C:\Users\utsav\.p2\pool\plugins\org.eclipse.m2e.maven.runtime_3.9.700.20240602-2313\jars\maven-core-3.9.7.jar
2025-06-21 15:51:10,725 [Worker-40: Launching Executing clean in C__spring_boot_actuator_project_spring-boot-demo] INFO  o.eclipse.m2e.core.internal.Bundles - 	Entry: C:\Users\utsav\.p2\pool\plugins\org.eclipse.m2e.maven.runtime_3.9.700.20240602-2313\jars\maven-embedder-3.9.7.jar
2025-06-21 15:51:10,725 [Worker-40: Launching Executing clean in C__spring_boot_actuator_project_spring-boot-demo] INFO  o.eclipse.m2e.core.internal.Bundles - 	Entry: C:\Users\utsav\.p2\pool\plugins\org.eclipse.m2e.maven.runtime_3.9.700.20240602-2313\jars\maven-model-3.9.7.jar
2025-06-21 15:51:10,725 [Worker-40: Launching Executing clean in C__spring_boot_actuator_project_spring-boot-demo] INFO  o.eclipse.m2e.core.internal.Bundles - 	Entry: C:\Users\utsav\.p2\pool\plugins\org.eclipse.m2e.maven.runtime_3.9.700.20240602-2313\jars\maven-model-builder-3.9.7.jar
2025-06-21 15:51:10,725 [Worker-40: Launching Executing clean in C__spring_boot_actuator_project_spring-boot-demo] INFO  o.eclipse.m2e.core.internal.Bundles - 	Entry: C:\Users\utsav\.p2\pool\plugins\org.eclipse.m2e.maven.runtime_3.9.700.20240602-2313\jars\maven-plugin-api-3.9.7.jar
2025-06-21 15:51:10,725 [Worker-40: Launching Executing clean in C__spring_boot_actuator_project_spring-boot-demo] INFO  o.eclipse.m2e.core.internal.Bundles - 	Entry: C:\Users\utsav\.p2\pool\plugins\org.eclipse.m2e.maven.runtime_3.9.700.20240602-2313\jars\maven-repository-metadata-3.9.7.jar
2025-06-21 15:51:10,725 [Worker-40: Launching Executing clean in C__spring_boot_actuator_project_spring-boot-demo] INFO  o.eclipse.m2e.core.internal.Bundles - 	Entry: C:\Users\utsav\.p2\pool\plugins\org.eclipse.m2e.maven.runtime_3.9.700.20240602-2313\jars\maven-resolver-api-1.9.20.jar
2025-06-21 15:51:10,725 [Worker-40: Launching Executing clean in C__spring_boot_actuator_project_spring-boot-demo] INFO  o.eclipse.m2e.core.internal.Bundles - 	Entry: C:\Users\utsav\.p2\pool\plugins\org.eclipse.m2e.maven.runtime_3.9.700.20240602-2313\jars\maven-resolver-connector-basic-1.9.20.jar
2025-06-21 15:51:10,725 [Worker-40: Launching Executing clean in C__spring_boot_actuator_project_spring-boot-demo] INFO  o.eclipse.m2e.core.internal.Bundles - 	Entry: C:\Users\utsav\.p2\pool\plugins\org.eclipse.m2e.maven.runtime_3.9.700.20240602-2313\jars\maven-resolver-impl-1.9.20.jar
2025-06-21 15:51:10,725 [Worker-40: Launching Executing clean in C__spring_boot_actuator_project_spring-boot-demo] INFO  o.eclipse.m2e.core.internal.Bundles - 	Entry: C:\Users\utsav\.p2\pool\plugins\org.eclipse.m2e.maven.runtime_3.9.700.20240602-2313\jars\maven-resolver-named-locks-1.9.20.jar
2025-06-21 15:51:10,725 [Worker-40: Launching Executing clean in C__spring_boot_actuator_project_spring-boot-demo] INFO  o.eclipse.m2e.core.internal.Bundles - 	Entry: C:\Users\utsav\.p2\pool\plugins\org.eclipse.m2e.maven.runtime_3.9.700.20240602-2313\jars\maven-resolver-provider-3.9.7.jar
2025-06-21 15:51:10,726 [Worker-40: Launching Executing clean in C__spring_boot_actuator_project_spring-boot-demo] INFO  o.eclipse.m2e.core.internal.Bundles - 	Entry: C:\Users\utsav\.p2\pool\plugins\org.eclipse.m2e.maven.runtime_3.9.700.20240602-2313\jars\maven-resolver-spi-1.9.20.jar
2025-06-21 15:51:10,726 [Worker-40: Launching Executing clean in C__spring_boot_actuator_project_spring-boot-demo] INFO  o.eclipse.m2e.core.internal.Bundles - 	Entry: C:\Users\utsav\.p2\pool\plugins\org.eclipse.m2e.maven.runtime_3.9.700.20240602-2313\jars\maven-resolver-transport-file-1.9.20.jar
2025-06-21 15:51:10,726 [Worker-40: Launching Executing clean in C__spring_boot_actuator_project_spring-boot-demo] INFO  o.eclipse.m2e.core.internal.Bundles - 	Entry: C:\Users\utsav\.p2\pool\plugins\org.eclipse.m2e.maven.runtime_3.9.700.20240602-2313\jars\maven-resolver-transport-http-1.9.20.jar
2025-06-21 15:51:10,726 [Worker-40: Launching Executing clean in C__spring_boot_actuator_project_spring-boot-demo] INFO  o.eclipse.m2e.core.internal.Bundles - 	Entry: C:\Users\utsav\.p2\pool\plugins\org.eclipse.m2e.maven.runtime_3.9.700.20240602-2313\jars\maven-resolver-transport-wagon-1.9.20.jar
2025-06-21 15:51:10,726 [Worker-40: Launching Executing clean in C__spring_boot_actuator_project_spring-boot-demo] INFO  o.eclipse.m2e.core.internal.Bundles - 	Entry: C:\Users\utsav\.p2\pool\plugins\org.eclipse.m2e.maven.runtime_3.9.700.20240602-2313\jars\maven-resolver-util-1.9.20.jar
2025-06-21 15:51:10,726 [Worker-40: Launching Executing clean in C__spring_boot_actuator_project_spring-boot-demo] INFO  o.eclipse.m2e.core.internal.Bundles - 	Entry: C:\Users\utsav\.p2\pool\plugins\org.eclipse.m2e.maven.runtime_3.9.700.20240602-2313\jars\maven-settings-3.9.7.jar
2025-06-21 15:51:10,726 [Worker-40: Launching Executing clean in C__spring_boot_actuator_project_spring-boot-demo] INFO  o.eclipse.m2e.core.internal.Bundles - 	Entry: C:\Users\utsav\.p2\pool\plugins\org.eclipse.m2e.maven.runtime_3.9.700.20240602-2313\jars\maven-settings-builder-3.9.7.jar
2025-06-21 15:51:10,726 [Worker-40: Launching Executing clean in C__spring_boot_actuator_project_spring-boot-demo] INFO  o.eclipse.m2e.core.internal.Bundles - 	Entry: C:\Users\utsav\.p2\pool\plugins\org.eclipse.m2e.maven.runtime_3.9.700.20240602-2313\jars\maven-shared-utils-3.4.2.jar
2025-06-21 15:51:10,726 [Worker-40: Launching Executing clean in C__spring_boot_actuator_project_spring-boot-demo] INFO  o.eclipse.m2e.core.internal.Bundles - 	Entry: C:\Users\utsav\.p2\pool\plugins\org.eclipse.m2e.maven.runtime_3.9.700.20240602-2313\jars\org.eclipse.sisu.inject-0.9.0.M2.jar
2025-06-21 15:51:10,726 [Worker-40: Launching Executing clean in C__spring_boot_actuator_project_spring-boot-demo] INFO  o.eclipse.m2e.core.internal.Bundles - 	Entry: C:\Users\utsav\.p2\pool\plugins\org.eclipse.m2e.maven.runtime_3.9.700.20240602-2313\jars\org.eclipse.sisu.plexus-0.9.0.M2.jar
2025-06-21 15:51:10,726 [Worker-40: Launching Executing clean in C__spring_boot_actuator_project_spring-boot-demo] INFO  o.eclipse.m2e.core.internal.Bundles - 	Entry: C:\Users\utsav\.p2\pool\plugins\org.eclipse.m2e.maven.runtime_3.9.700.20240602-2313\jars\plexus-build-api-0.0.7.jar
2025-06-21 15:51:10,727 [Worker-40: Launching Executing clean in C__spring_boot_actuator_project_spring-boot-demo] INFO  o.eclipse.m2e.core.internal.Bundles - 	Entry: C:\Users\utsav\.p2\pool\plugins\org.eclipse.m2e.maven.runtime_3.9.700.20240602-2313\jars\plexus-build-api-1.2.0.jar
2025-06-21 15:51:10,727 [Worker-40: Launching Executing clean in C__spring_boot_actuator_project_spring-boot-demo] INFO  o.eclipse.m2e.core.internal.Bundles - 	Entry: C:\Users\utsav\.p2\pool\plugins\org.eclipse.m2e.maven.runtime_3.9.700.20240602-2313\jars\plexus-cipher-2.0.jar
2025-06-21 15:51:10,727 [Worker-40: Launching Executing clean in C__spring_boot_actuator_project_spring-boot-demo] INFO  o.eclipse.m2e.core.internal.Bundles - 	Entry: C:\Users\utsav\.p2\pool\plugins\org.eclipse.m2e.maven.runtime_3.9.700.20240602-2313\jars\plexus-classworlds-2.8.0.jar
2025-06-21 15:51:10,727 [Worker-40: Launching Executing clean in C__spring_boot_actuator_project_spring-boot-demo] INFO  o.eclipse.m2e.core.internal.Bundles - 	Entry: C:\Users\utsav\.p2\pool\plugins\org.eclipse.m2e.maven.runtime_3.9.700.20240602-2313\jars\plexus-component-annotations-2.1.0.jar
2025-06-21 15:51:10,727 [Worker-40: Launching Executing clean in C__spring_boot_actuator_project_spring-boot-demo] INFO  o.eclipse.m2e.core.internal.Bundles - 	Entry: C:\Users\utsav\.p2\pool\plugins\org.eclipse.m2e.maven.runtime_3.9.700.20240602-2313\jars\plexus-interpolation-1.27.jar
2025-06-21 15:51:10,727 [Worker-40: Launching Executing clean in C__spring_boot_actuator_project_spring-boot-demo] INFO  o.eclipse.m2e.core.internal.Bundles - 	Entry: C:\Users\utsav\.p2\pool\plugins\org.eclipse.m2e.maven.runtime_3.9.700.20240602-2313\jars\plexus-sec-dispatcher-2.0.jar
2025-06-21 15:51:10,727 [Worker-40: Launching Executing clean in C__spring_boot_actuator_project_spring-boot-demo] INFO  o.eclipse.m2e.core.internal.Bundles - 	Entry: C:\Users\utsav\.p2\pool\plugins\org.eclipse.m2e.maven.runtime_3.9.700.20240602-2313\jars\plexus-utils-3.5.1.jar
2025-06-21 15:51:10,727 [Worker-40: Launching Executing clean in C__spring_boot_actuator_project_spring-boot-demo] INFO  o.eclipse.m2e.core.internal.Bundles - 	Entry: C:\Users\utsav\.p2\pool\plugins\org.eclipse.m2e.maven.runtime_3.9.700.20240602-2313\jars\wagon-file-3.5.3.jar
2025-06-21 15:51:10,727 [Worker-40: Launching Executing clean in C__spring_boot_actuator_project_spring-boot-demo] INFO  o.eclipse.m2e.core.internal.Bundles - 	Entry: C:\Users\utsav\.p2\pool\plugins\org.eclipse.m2e.maven.runtime_3.9.700.20240602-2313\jars\wagon-http-3.5.3.jar
2025-06-21 15:51:10,727 [Worker-40: Launching Executing clean in C__spring_boot_actuator_project_spring-boot-demo] INFO  o.eclipse.m2e.core.internal.Bundles - 	Entry: C:\Users\utsav\.p2\pool\plugins\org.eclipse.m2e.maven.runtime_3.9.700.20240602-2313\jars\wagon-http-shared-3.5.3.jar
2025-06-21 15:51:10,727 [Worker-40: Launching Executing clean in C__spring_boot_actuator_project_spring-boot-demo] INFO  o.eclipse.m2e.core.internal.Bundles - 	Entry: C:\Users\utsav\.p2\pool\plugins\org.eclipse.m2e.maven.runtime_3.9.700.20240602-2313\jars\wagon-provider-api-3.5.3.jar
2025-06-21 15:51:10,729 [Worker-40: Launching Executing clean in C__spring_boot_actuator_project_spring-boot-demo] INFO  o.eclipse.m2e.core.internal.Bundles - getClasspathEntries(Bundle=com.google.guava_33.2.0.jre [16])
2025-06-21 15:51:10,729 [Worker-40: Launching Executing clean in C__spring_boot_actuator_project_spring-boot-demo] INFO  o.eclipse.m2e.core.internal.Bundles - 	Entry: C:\Users\utsav\.p2\pool\plugins\com.google.guava_33.2.0.jre.jar
2025-06-21 15:51:10,729 [Worker-40: Launching Executing clean in C__spring_boot_actuator_project_spring-boot-demo] INFO  o.eclipse.m2e.core.internal.Bundles - getClasspathEntries(Bundle=slf4j.api_2.0.13 [1009])
2025-06-21 15:51:10,730 [Worker-40: Launching Executing clean in C__spring_boot_actuator_project_spring-boot-demo] INFO  o.eclipse.m2e.core.internal.Bundles - 	Entry: C:\Users\utsav\.p2\pool\plugins\slf4j.api_2.0.13.jar
2025-06-21 15:51:10,730 [Worker-40: Launching Executing clean in C__spring_boot_actuator_project_spring-boot-demo] INFO  o.eclipse.m2e.core.internal.Bundles - getClasspathEntries(Bundle=jakarta.inject.jakarta.inject-api_1.0.5 [33])
2025-06-21 15:51:10,730 [Worker-40: Launching Executing clean in C__spring_boot_actuator_project_spring-boot-demo] INFO  o.eclipse.m2e.core.internal.Bundles - 	Entry: C:\Users\utsav\.p2\pool\plugins\jakarta.inject.jakarta.inject-api_1.0.5.jar
2025-06-21 15:51:10,730 [Worker-40: Launching Executing clean in C__spring_boot_actuator_project_spring-boot-demo] INFO  o.eclipse.m2e.core.internal.Bundles - getClasspathEntries(Bundle=javax.annotation_1.3.5.v20200909-1856 [44])
2025-06-21 15:51:10,730 [Worker-40: Launching Executing clean in C__spring_boot_actuator_project_spring-boot-demo] INFO  o.eclipse.m2e.core.internal.Bundles - 	Entry: C:\Users\utsav\.p2\pool\plugins\javax.annotation_1.3.5.v20200909-1856.jar
2025-06-21 15:51:10,730 [Worker-40: Launching Executing clean in C__spring_boot_actuator_project_spring-boot-demo] INFO  o.eclipse.m2e.core.internal.Bundles - getClasspathEntries(Bundle=org.apache.commons.cli_1.8.0 [78])
2025-06-21 15:51:10,730 [Worker-40: Launching Executing clean in C__spring_boot_actuator_project_spring-boot-demo] INFO  o.eclipse.m2e.core.internal.Bundles - 	Entry: C:\Users\utsav\.p2\pool\plugins\org.apache.commons.cli_1.8.0.jar
2025-06-21 15:51:10,730 [Worker-40: Launching Executing clean in C__spring_boot_actuator_project_spring-boot-demo] INFO  o.eclipse.m2e.core.internal.Bundles - getClasspathEntries(Bundle=org.apache.commons.commons-codec_1.16.0 [81])
2025-06-21 15:51:10,730 [Worker-40: Launching Executing clean in C__spring_boot_actuator_project_spring-boot-demo] INFO  o.eclipse.m2e.core.internal.Bundles - 	Entry: C:\Users\utsav\.p2\pool\plugins\org.apache.commons.commons-codec_1.16.0.jar
2025-06-21 15:51:10,730 [Worker-40: Launching Executing clean in C__spring_boot_actuator_project_spring-boot-demo] INFO  o.eclipse.m2e.core.internal.Bundles - getClasspathEntries(Bundle=org.apache.commons.lang3_3.14.0 [89])
2025-06-21 15:51:10,731 [Worker-40: Launching Executing clean in C__spring_boot_actuator_project_spring-boot-demo] INFO  o.eclipse.m2e.core.internal.Bundles - 	Entry: C:\Users\utsav\.p2\pool\plugins\org.apache.commons.lang3_3.14.0.jar
2025-06-21 15:51:10,731 [Worker-40: Launching Executing clean in C__spring_boot_actuator_project_spring-boot-demo] INFO  o.eclipse.m2e.core.internal.Bundles - getClasspathEntries(Bundle=com.google.guava.failureaccess_1.0.2 [17])
2025-06-21 15:51:10,731 [Worker-40: Launching Executing clean in C__spring_boot_actuator_project_spring-boot-demo] INFO  o.eclipse.m2e.core.internal.Bundles - 	Entry: C:\Users\utsav\.p2\pool\plugins\com.google.guava.failureaccess_1.0.2.jar
2025-06-21 15:51:10,734 [Worker-40: Launching Executing clean in C__spring_boot_actuator_project_spring-boot-demo] INFO  o.e.m.i.launch.MavenLaunchDelegate - Run build in "C:\spring_boot_actuator_project\spring-boot-demo":
2025-06-21 15:51:10,735 [Worker-40: Launching Executing clean in C__spring_boot_actuator_project_spring-boot-demo] INFO  o.e.m.i.launch.MavenLaunchDelegate -  mvn  -B -Dstyle.color=always clean
2025-06-21 15:51:14,123 [Worker-8: Building] INFO  o.a.m.s.f.DefaultMavenResourcesFiltering - Copying 1 resource from src\main\resources to target\classes
2025-06-21 15:51:14,125 [Worker-8: Building] INFO  o.a.m.s.f.DefaultMavenResourcesFiltering - Copying 0 resource from src\main\resources to target\classes
2025-06-21 15:51:14,127 [Worker-8: Building] INFO  o.a.m.s.f.DefaultMavenResourcesFiltering - skip non existing resourceDirectory C:\spring_boot_actuator_project\spring-boot-demo\src\test\resources
2025-06-21 15:51:19,848 [Worker-39: Launching Executing install in C__spring_boot_actuator_project_spring-boot-demo] INFO  o.eclipse.m2e.core.internal.Bundles - getClasspathEntries(Bundle=org.eclipse.m2e.maven.runtime_3.9.700.20240602-2313 [644])
2025-06-21 15:51:19,848 [Worker-39: Launching Executing install in C__spring_boot_actuator_project_spring-boot-demo] INFO  o.eclipse.m2e.core.internal.Bundles - 	Entry: C:\Users\utsav\.p2\pool\plugins\org.eclipse.m2e.maven.runtime_3.9.700.20240602-2313
2025-06-21 15:51:19,848 [Worker-39: Launching Executing install in C__spring_boot_actuator_project_spring-boot-demo] INFO  o.eclipse.m2e.core.internal.Bundles - 	Entry: C:\Users\utsav\.p2\pool\plugins\org.eclipse.m2e.maven.runtime_3.9.700.20240602-2313\jars\aopalliance-1.0.jar
2025-06-21 15:51:19,848 [Worker-39: Launching Executing install in C__spring_boot_actuator_project_spring-boot-demo] INFO  o.eclipse.m2e.core.internal.Bundles - 	Entry: C:\Users\utsav\.p2\pool\plugins\org.eclipse.m2e.maven.runtime_3.9.700.20240602-2313\jars\guice-5.1.0.jar
2025-06-21 15:51:19,849 [Worker-39: Launching Executing install in C__spring_boot_actuator_project_spring-boot-demo] INFO  o.eclipse.m2e.core.internal.Bundles - 	Entry: C:\Users\utsav\.p2\pool\plugins\org.eclipse.m2e.maven.runtime_3.9.700.20240602-2313\jars\httpclient-4.5.14.jar
2025-06-21 15:51:19,849 [Worker-39: Launching Executing install in C__spring_boot_actuator_project_spring-boot-demo] INFO  o.eclipse.m2e.core.internal.Bundles - 	Entry: C:\Users\utsav\.p2\pool\plugins\org.eclipse.m2e.maven.runtime_3.9.700.20240602-2313\jars\httpcore-4.4.16.jar
2025-06-21 15:51:19,849 [Worker-39: Launching Executing install in C__spring_boot_actuator_project_spring-boot-demo] INFO  o.eclipse.m2e.core.internal.Bundles - 	Entry: C:\Users\utsav\.p2\pool\plugins\org.eclipse.m2e.maven.runtime_3.9.700.20240602-2313\jars\jansi-2.4.1.jar
2025-06-21 15:51:19,849 [Worker-39: Launching Executing install in C__spring_boot_actuator_project_spring-boot-demo] INFO  o.eclipse.m2e.core.internal.Bundles - 	Entry: C:\Users\utsav\.p2\pool\plugins\org.eclipse.m2e.maven.runtime_3.9.700.20240602-2313\jars\jcl-over-slf4j-1.7.36.jar
2025-06-21 15:51:19,849 [Worker-39: Launching Executing install in C__spring_boot_actuator_project_spring-boot-demo] INFO  o.eclipse.m2e.core.internal.Bundles - 	Entry: C:\Users\utsav\.p2\pool\plugins\org.eclipse.m2e.maven.runtime_3.9.700.20240602-2313\jars\maven-artifact-3.9.7.jar
2025-06-21 15:51:19,849 [Worker-39: Launching Executing install in C__spring_boot_actuator_project_spring-boot-demo] INFO  o.eclipse.m2e.core.internal.Bundles - 	Entry: C:\Users\utsav\.p2\pool\plugins\org.eclipse.m2e.maven.runtime_3.9.700.20240602-2313\jars\maven-builder-support-3.9.7.jar
2025-06-21 15:51:19,849 [Worker-39: Launching Executing install in C__spring_boot_actuator_project_spring-boot-demo] INFO  o.eclipse.m2e.core.internal.Bundles - 	Entry: C:\Users\utsav\.p2\pool\plugins\org.eclipse.m2e.maven.runtime_3.9.700.20240602-2313\jars\maven-compat-3.9.7.jar
2025-06-21 15:51:19,849 [Worker-39: Launching Executing install in C__spring_boot_actuator_project_spring-boot-demo] INFO  o.eclipse.m2e.core.internal.Bundles - 	Entry: C:\Users\utsav\.p2\pool\plugins\org.eclipse.m2e.maven.runtime_3.9.700.20240602-2313\jars\maven-core-3.9.7.jar
2025-06-21 15:51:19,849 [Worker-39: Launching Executing install in C__spring_boot_actuator_project_spring-boot-demo] INFO  o.eclipse.m2e.core.internal.Bundles - 	Entry: C:\Users\utsav\.p2\pool\plugins\org.eclipse.m2e.maven.runtime_3.9.700.20240602-2313\jars\maven-embedder-3.9.7.jar
2025-06-21 15:51:19,849 [Worker-39: Launching Executing install in C__spring_boot_actuator_project_spring-boot-demo] INFO  o.eclipse.m2e.core.internal.Bundles - 	Entry: C:\Users\utsav\.p2\pool\plugins\org.eclipse.m2e.maven.runtime_3.9.700.20240602-2313\jars\maven-model-3.9.7.jar
2025-06-21 15:51:19,849 [Worker-39: Launching Executing install in C__spring_boot_actuator_project_spring-boot-demo] INFO  o.eclipse.m2e.core.internal.Bundles - 	Entry: C:\Users\utsav\.p2\pool\plugins\org.eclipse.m2e.maven.runtime_3.9.700.20240602-2313\jars\maven-model-builder-3.9.7.jar
2025-06-21 15:51:19,849 [Worker-39: Launching Executing install in C__spring_boot_actuator_project_spring-boot-demo] INFO  o.eclipse.m2e.core.internal.Bundles - 	Entry: C:\Users\utsav\.p2\pool\plugins\org.eclipse.m2e.maven.runtime_3.9.700.20240602-2313\jars\maven-plugin-api-3.9.7.jar
2025-06-21 15:51:19,849 [Worker-39: Launching Executing install in C__spring_boot_actuator_project_spring-boot-demo] INFO  o.eclipse.m2e.core.internal.Bundles - 	Entry: C:\Users\utsav\.p2\pool\plugins\org.eclipse.m2e.maven.runtime_3.9.700.20240602-2313\jars\maven-repository-metadata-3.9.7.jar
2025-06-21 15:51:19,850 [Worker-39: Launching Executing install in C__spring_boot_actuator_project_spring-boot-demo] INFO  o.eclipse.m2e.core.internal.Bundles - 	Entry: C:\Users\utsav\.p2\pool\plugins\org.eclipse.m2e.maven.runtime_3.9.700.20240602-2313\jars\maven-resolver-api-1.9.20.jar
2025-06-21 15:51:19,850 [Worker-39: Launching Executing install in C__spring_boot_actuator_project_spring-boot-demo] INFO  o.eclipse.m2e.core.internal.Bundles - 	Entry: C:\Users\utsav\.p2\pool\plugins\org.eclipse.m2e.maven.runtime_3.9.700.20240602-2313\jars\maven-resolver-connector-basic-1.9.20.jar
2025-06-21 15:51:19,850 [Worker-39: Launching Executing install in C__spring_boot_actuator_project_spring-boot-demo] INFO  o.eclipse.m2e.core.internal.Bundles - 	Entry: C:\Users\utsav\.p2\pool\plugins\org.eclipse.m2e.maven.runtime_3.9.700.20240602-2313\jars\maven-resolver-impl-1.9.20.jar
2025-06-21 15:51:19,850 [Worker-39: Launching Executing install in C__spring_boot_actuator_project_spring-boot-demo] INFO  o.eclipse.m2e.core.internal.Bundles - 	Entry: C:\Users\utsav\.p2\pool\plugins\org.eclipse.m2e.maven.runtime_3.9.700.20240602-2313\jars\maven-resolver-named-locks-1.9.20.jar
2025-06-21 15:51:19,850 [Worker-39: Launching Executing install in C__spring_boot_actuator_project_spring-boot-demo] INFO  o.eclipse.m2e.core.internal.Bundles - 	Entry: C:\Users\utsav\.p2\pool\plugins\org.eclipse.m2e.maven.runtime_3.9.700.20240602-2313\jars\maven-resolver-provider-3.9.7.jar
2025-06-21 15:51:19,850 [Worker-39: Launching Executing install in C__spring_boot_actuator_project_spring-boot-demo] INFO  o.eclipse.m2e.core.internal.Bundles - 	Entry: C:\Users\utsav\.p2\pool\plugins\org.eclipse.m2e.maven.runtime_3.9.700.20240602-2313\jars\maven-resolver-spi-1.9.20.jar
2025-06-21 15:51:19,850 [Worker-39: Launching Executing install in C__spring_boot_actuator_project_spring-boot-demo] INFO  o.eclipse.m2e.core.internal.Bundles - 	Entry: C:\Users\utsav\.p2\pool\plugins\org.eclipse.m2e.maven.runtime_3.9.700.20240602-2313\jars\maven-resolver-transport-file-1.9.20.jar
2025-06-21 15:51:19,850 [Worker-39: Launching Executing install in C__spring_boot_actuator_project_spring-boot-demo] INFO  o.eclipse.m2e.core.internal.Bundles - 	Entry: C:\Users\utsav\.p2\pool\plugins\org.eclipse.m2e.maven.runtime_3.9.700.20240602-2313\jars\maven-resolver-transport-http-1.9.20.jar
2025-06-21 15:51:19,850 [Worker-39: Launching Executing install in C__spring_boot_actuator_project_spring-boot-demo] INFO  o.eclipse.m2e.core.internal.Bundles - 	Entry: C:\Users\utsav\.p2\pool\plugins\org.eclipse.m2e.maven.runtime_3.9.700.20240602-2313\jars\maven-resolver-transport-wagon-1.9.20.jar
2025-06-21 15:51:19,850 [Worker-39: Launching Executing install in C__spring_boot_actuator_project_spring-boot-demo] INFO  o.eclipse.m2e.core.internal.Bundles - 	Entry: C:\Users\utsav\.p2\pool\plugins\org.eclipse.m2e.maven.runtime_3.9.700.20240602-2313\jars\maven-resolver-util-1.9.20.jar
2025-06-21 15:51:19,850 [Worker-39: Launching Executing install in C__spring_boot_actuator_project_spring-boot-demo] INFO  o.eclipse.m2e.core.internal.Bundles - 	Entry: C:\Users\utsav\.p2\pool\plugins\org.eclipse.m2e.maven.runtime_3.9.700.20240602-2313\jars\maven-settings-3.9.7.jar
2025-06-21 15:51:19,850 [Worker-39: Launching Executing install in C__spring_boot_actuator_project_spring-boot-demo] INFO  o.eclipse.m2e.core.internal.Bundles - 	Entry: C:\Users\utsav\.p2\pool\plugins\org.eclipse.m2e.maven.runtime_3.9.700.20240602-2313\jars\maven-settings-builder-3.9.7.jar
2025-06-21 15:51:19,850 [Worker-39: Launching Executing install in C__spring_boot_actuator_project_spring-boot-demo] INFO  o.eclipse.m2e.core.internal.Bundles - 	Entry: C:\Users\utsav\.p2\pool\plugins\org.eclipse.m2e.maven.runtime_3.9.700.20240602-2313\jars\maven-shared-utils-3.4.2.jar
2025-06-21 15:51:19,850 [Worker-39: Launching Executing install in C__spring_boot_actuator_project_spring-boot-demo] INFO  o.eclipse.m2e.core.internal.Bundles - 	Entry: C:\Users\utsav\.p2\pool\plugins\org.eclipse.m2e.maven.runtime_3.9.700.20240602-2313\jars\org.eclipse.sisu.inject-0.9.0.M2.jar
2025-06-21 15:51:19,851 [Worker-39: Launching Executing install in C__spring_boot_actuator_project_spring-boot-demo] INFO  o.eclipse.m2e.core.internal.Bundles - 	Entry: C:\Users\utsav\.p2\pool\plugins\org.eclipse.m2e.maven.runtime_3.9.700.20240602-2313\jars\org.eclipse.sisu.plexus-0.9.0.M2.jar
2025-06-21 15:51:19,851 [Worker-39: Launching Executing install in C__spring_boot_actuator_project_spring-boot-demo] INFO  o.eclipse.m2e.core.internal.Bundles - 	Entry: C:\Users\utsav\.p2\pool\plugins\org.eclipse.m2e.maven.runtime_3.9.700.20240602-2313\jars\plexus-build-api-0.0.7.jar
2025-06-21 15:51:19,851 [Worker-39: Launching Executing install in C__spring_boot_actuator_project_spring-boot-demo] INFO  o.eclipse.m2e.core.internal.Bundles - 	Entry: C:\Users\utsav\.p2\pool\plugins\org.eclipse.m2e.maven.runtime_3.9.700.20240602-2313\jars\plexus-build-api-1.2.0.jar
2025-06-21 15:51:19,851 [Worker-39: Launching Executing install in C__spring_boot_actuator_project_spring-boot-demo] INFO  o.eclipse.m2e.core.internal.Bundles - 	Entry: C:\Users\utsav\.p2\pool\plugins\org.eclipse.m2e.maven.runtime_3.9.700.20240602-2313\jars\plexus-cipher-2.0.jar
2025-06-21 15:51:19,851 [Worker-39: Launching Executing install in C__spring_boot_actuator_project_spring-boot-demo] INFO  o.eclipse.m2e.core.internal.Bundles - 	Entry: C:\Users\utsav\.p2\pool\plugins\org.eclipse.m2e.maven.runtime_3.9.700.20240602-2313\jars\plexus-classworlds-2.8.0.jar
2025-06-21 15:51:19,851 [Worker-39: Launching Executing install in C__spring_boot_actuator_project_spring-boot-demo] INFO  o.eclipse.m2e.core.internal.Bundles - 	Entry: C:\Users\utsav\.p2\pool\plugins\org.eclipse.m2e.maven.runtime_3.9.700.20240602-2313\jars\plexus-component-annotations-2.1.0.jar
2025-06-21 15:51:19,851 [Worker-39: Launching Executing install in C__spring_boot_actuator_project_spring-boot-demo] INFO  o.eclipse.m2e.core.internal.Bundles - 	Entry: C:\Users\utsav\.p2\pool\plugins\org.eclipse.m2e.maven.runtime_3.9.700.20240602-2313\jars\plexus-interpolation-1.27.jar
2025-06-21 15:51:19,851 [Worker-39: Launching Executing install in C__spring_boot_actuator_project_spring-boot-demo] INFO  o.eclipse.m2e.core.internal.Bundles - 	Entry: C:\Users\utsav\.p2\pool\plugins\org.eclipse.m2e.maven.runtime_3.9.700.20240602-2313\jars\plexus-sec-dispatcher-2.0.jar
2025-06-21 15:51:19,851 [Worker-39: Launching Executing install in C__spring_boot_actuator_project_spring-boot-demo] INFO  o.eclipse.m2e.core.internal.Bundles - 	Entry: C:\Users\utsav\.p2\pool\plugins\org.eclipse.m2e.maven.runtime_3.9.700.20240602-2313\jars\plexus-utils-3.5.1.jar
2025-06-21 15:51:19,851 [Worker-39: Launching Executing install in C__spring_boot_actuator_project_spring-boot-demo] INFO  o.eclipse.m2e.core.internal.Bundles - 	Entry: C:\Users\utsav\.p2\pool\plugins\org.eclipse.m2e.maven.runtime_3.9.700.20240602-2313\jars\wagon-file-3.5.3.jar
2025-06-21 15:51:19,851 [Worker-39: Launching Executing install in C__spring_boot_actuator_project_spring-boot-demo] INFO  o.eclipse.m2e.core.internal.Bundles - 	Entry: C:\Users\utsav\.p2\pool\plugins\org.eclipse.m2e.maven.runtime_3.9.700.20240602-2313\jars\wagon-http-3.5.3.jar
2025-06-21 15:51:19,851 [Worker-39: Launching Executing install in C__spring_boot_actuator_project_spring-boot-demo] INFO  o.eclipse.m2e.core.internal.Bundles - 	Entry: C:\Users\utsav\.p2\pool\plugins\org.eclipse.m2e.maven.runtime_3.9.700.20240602-2313\jars\wagon-http-shared-3.5.3.jar
2025-06-21 15:51:19,851 [Worker-39: Launching Executing install in C__spring_boot_actuator_project_spring-boot-demo] INFO  o.eclipse.m2e.core.internal.Bundles - 	Entry: C:\Users\utsav\.p2\pool\plugins\org.eclipse.m2e.maven.runtime_3.9.700.20240602-2313\jars\wagon-provider-api-3.5.3.jar
2025-06-21 15:51:19,852 [Worker-39: Launching Executing install in C__spring_boot_actuator_project_spring-boot-demo] INFO  o.eclipse.m2e.core.internal.Bundles - getClasspathEntries(Bundle=com.google.guava_33.2.0.jre [16])
2025-06-21 15:51:19,852 [Worker-39: Launching Executing install in C__spring_boot_actuator_project_spring-boot-demo] INFO  o.eclipse.m2e.core.internal.Bundles - 	Entry: C:\Users\utsav\.p2\pool\plugins\com.google.guava_33.2.0.jre.jar
2025-06-21 15:51:19,852 [Worker-39: Launching Executing install in C__spring_boot_actuator_project_spring-boot-demo] INFO  o.eclipse.m2e.core.internal.Bundles - getClasspathEntries(Bundle=slf4j.api_2.0.13 [1009])
2025-06-21 15:51:19,853 [Worker-39: Launching Executing install in C__spring_boot_actuator_project_spring-boot-demo] INFO  o.eclipse.m2e.core.internal.Bundles - 	Entry: C:\Users\utsav\.p2\pool\plugins\slf4j.api_2.0.13.jar
2025-06-21 15:51:19,853 [Worker-39: Launching Executing install in C__spring_boot_actuator_project_spring-boot-demo] INFO  o.eclipse.m2e.core.internal.Bundles - getClasspathEntries(Bundle=jakarta.inject.jakarta.inject-api_1.0.5 [33])
2025-06-21 15:51:19,853 [Worker-39: Launching Executing install in C__spring_boot_actuator_project_spring-boot-demo] INFO  o.eclipse.m2e.core.internal.Bundles - 	Entry: C:\Users\utsav\.p2\pool\plugins\jakarta.inject.jakarta.inject-api_1.0.5.jar
2025-06-21 15:51:19,853 [Worker-39: Launching Executing install in C__spring_boot_actuator_project_spring-boot-demo] INFO  o.eclipse.m2e.core.internal.Bundles - getClasspathEntries(Bundle=javax.annotation_1.3.5.v20200909-1856 [44])
2025-06-21 15:51:19,854 [Worker-39: Launching Executing install in C__spring_boot_actuator_project_spring-boot-demo] INFO  o.eclipse.m2e.core.internal.Bundles - 	Entry: C:\Users\utsav\.p2\pool\plugins\javax.annotation_1.3.5.v20200909-1856.jar
2025-06-21 15:51:19,854 [Worker-39: Launching Executing install in C__spring_boot_actuator_project_spring-boot-demo] INFO  o.eclipse.m2e.core.internal.Bundles - getClasspathEntries(Bundle=org.apache.commons.cli_1.8.0 [78])
2025-06-21 15:51:19,854 [Worker-39: Launching Executing install in C__spring_boot_actuator_project_spring-boot-demo] INFO  o.eclipse.m2e.core.internal.Bundles - 	Entry: C:\Users\utsav\.p2\pool\plugins\org.apache.commons.cli_1.8.0.jar
2025-06-21 15:51:19,855 [Worker-39: Launching Executing install in C__spring_boot_actuator_project_spring-boot-demo] INFO  o.eclipse.m2e.core.internal.Bundles - getClasspathEntries(Bundle=org.apache.commons.commons-codec_1.16.0 [81])
2025-06-21 15:51:19,855 [Worker-39: Launching Executing install in C__spring_boot_actuator_project_spring-boot-demo] INFO  o.eclipse.m2e.core.internal.Bundles - 	Entry: C:\Users\utsav\.p2\pool\plugins\org.apache.commons.commons-codec_1.16.0.jar
2025-06-21 15:51:19,855 [Worker-39: Launching Executing install in C__spring_boot_actuator_project_spring-boot-demo] INFO  o.eclipse.m2e.core.internal.Bundles - getClasspathEntries(Bundle=org.apache.commons.lang3_3.14.0 [89])
2025-06-21 15:51:19,855 [Worker-39: Launching Executing install in C__spring_boot_actuator_project_spring-boot-demo] INFO  o.eclipse.m2e.core.internal.Bundles - 	Entry: C:\Users\utsav\.p2\pool\plugins\org.apache.commons.lang3_3.14.0.jar
2025-06-21 15:51:19,855 [Worker-39: Launching Executing install in C__spring_boot_actuator_project_spring-boot-demo] INFO  o.eclipse.m2e.core.internal.Bundles - getClasspathEntries(Bundle=com.google.guava.failureaccess_1.0.2 [17])
2025-06-21 15:51:19,856 [Worker-39: Launching Executing install in C__spring_boot_actuator_project_spring-boot-demo] INFO  o.eclipse.m2e.core.internal.Bundles - 	Entry: C:\Users\utsav\.p2\pool\plugins\com.google.guava.failureaccess_1.0.2.jar
2025-06-21 15:51:19,857 [Worker-39: Launching Executing install in C__spring_boot_actuator_project_spring-boot-demo] INFO  o.e.m.i.launch.MavenLaunchDelegate - Run build in "C:\spring_boot_actuator_project\spring-boot-demo":
2025-06-21 15:51:19,857 [Worker-39: Launching Executing install in C__spring_boot_actuator_project_spring-boot-demo] INFO  o.e.m.i.launch.MavenLaunchDelegate -  mvn  -B -Dstyle.color=always install
